TN:
SF:src/analiseDeDados.js
FN:2,(anonymous_0)
FN:6,(anonymous_1)
FN:12,(anonymous_2)
FN:16,(anonymous_3)
FN:17,(anonymous_4)
FN:20,(anonymous_5)
FN:22,(anonymous_6)
FN:25,(anonymous_7)
FN:34,(anonymous_8)
FN:36,(anonymous_9)
FN:43,(anonymous_10)
FN:47,(anonymous_11)
FN:51,(anonymous_12)
FN:56,(anonymous_13)
FN:61,(anonymous_14)
FN:65,(anonymous_15)
FN:69,(anonymous_16)
FN:72,(anonymous_17)
FN:73,(anonymous_18)
FN:76,(anonymous_19)
FN:88,(anonymous_20)
FN:89,(anonymous_21)
FN:92,(anonymous_22)
FN:93,(anonymous_23)
FN:96,(anonymous_24)
FN:100,(anonymous_25)
FN:106,(anonymous_26)
FN:113,(anonymous_27)
FN:117,(anonymous_28)
FN:126,(anonymous_29)
FN:129,(anonymous_30)
FN:133,(anonymous_31)
FN:136,(anonymous_32)
FNF:33
FNH:32
FNDA:28,(anonymous_0)
FNDA:1,(anonymous_1)
FNDA:1,(anonymous_2)
FNDA:7,(anonymous_3)
FNDA:33,(anonymous_4)
FNDA:6,(anonymous_5)
FNDA:30,(anonymous_6)
FNDA:2,(anonymous_7)
FNDA:1,(anonymous_8)
FNDA:5,(anonymous_9)
FNDA:4,(anonymous_10)
FNDA:3,(anonymous_11)
FNDA:15,(anonymous_12)
FNDA:2,(anonymous_13)
FNDA:3,(anonymous_14)
FNDA:3,(anonymous_15)
FNDA:1,(anonymous_16)
FNDA:0,(anonymous_17)
FNDA:5,(anonymous_18)
FNDA:4,(anonymous_19)
FNDA:1,(anonymous_20)
FNDA:5,(anonymous_21)
FNDA:1,(anonymous_22)
FNDA:5,(anonymous_23)
FNDA:1,(anonymous_24)
FNDA:1,(anonymous_25)
FNDA:1,(anonymous_26)
FNDA:6,(anonymous_27)
FNDA:2,(anonymous_28)
FNDA:5,(anonymous_29)
FNDA:5,(anonymous_30)
FNDA:5,(anonymous_31)
FNDA:5,(anonymous_32)
DA:3,28
DA:7,1
DA:8,0
DA:9,1
DA:13,1
DA:17,33
DA:21,6
DA:22,30
DA:26,2
DA:27,2
DA:28,2
DA:29,2
DA:35,1
DA:36,1
DA:37,5
DA:38,5
DA:41,1
DA:42,1
DA:43,4
DA:48,3
DA:49,3
DA:50,3
DA:51,15
DA:57,2
DA:58,2
DA:62,3
DA:66,3
DA:70,1
DA:71,1
DA:72,1
DA:73,5
DA:77,4
DA:78,0
DA:79,4
DA:80,4
DA:81,4
DA:82,4
DA:83,4
DA:89,5
DA:93,5
DA:97,1
DA:101,1
DA:102,1
DA:103,1
DA:107,1
DA:108,1
DA:109,1
DA:110,1
DA:111,1
DA:112,1
DA:113,6
DA:118,2
DA:122,1
DA:124,1
DA:126,5
DA:128,1
DA:129,5
DA:132,1
DA:133,5
DA:135,1
DA:136,5
DA:139,1
DA:146,1
LF:63
LH:61
BRDA:2,0,0,1
BRDA:7,1,0,0
BRDA:7,1,1,1
BRDA:21,2,0,0
BRDA:21,2,1,6
BRDA:26,3,0,0
BRDA:26,3,1,2
BRDA:29,4,0,1
BRDA:29,4,1,1
BRDA:35,5,0,0
BRDA:35,5,1,1
BRDA:37,6,0,5
BRDA:37,6,1,4
BRDA:48,7,0,0
BRDA:48,7,1,3
BRDA:58,8,0,2
BRDA:58,8,1,0
BRDA:62,9,0,3
BRDA:62,9,1,0
BRDA:66,10,0,3
BRDA:66,10,1,0
BRDA:72,11,0,0
BRDA:72,11,1,1
BRDA:77,12,0,0
BRDA:77,12,1,4
BRDA:77,13,0,4
BRDA:77,13,1,4
BRDA:77,13,2,4
BRDA:83,14,0,2
BRDA:83,14,1,2
BRDA:103,15,0,1
BRDA:103,15,1,0
BRDA:106,16,0,1
BRDA:113,17,0,6
BRDA:113,17,1,6
BRDA:118,18,0,1
BRDA:118,18,1,1
BRDA:119,19,0,2
BRDA:119,19,1,2
BRDA:139,20,0,1
BRDA:139,20,1,0
BRF:41
BRH:29
end_of_record
